<?xml version="1.0" encoding="UTF-8"?>
<!-- Generated by org.testng.reporters.JUnitReportReporter -->
<testsuite hostname="DESKTOP-MAG1I7D" failures="0" tests="7" name="com.test.Apitesting" time="7.720" errors="0" timestamp="2024-10-27T23:20:40 PDT" skipped="0">
  <testcase classname="com.test.Apitesting" name="test_4_delete" time="0.513"/>
  <testcase classname="com.test.Apitesting" name="test_3_patch" time="0.559"/>
  <testcase classname="com.test.Apitesting" name="test_01" time="0.280"/>
  <testcase classname="com.test.Apitesting" name="test_1_post" time="0.584"/>
  <testcase classname="com.test.Apitesting" name="authenticateAndUseToken" time="4.759"/>
  <testcase classname="com.test.Apitesting" name="test_2_put" time="0.543"/>
  <testcase classname="com.test.Apitesting" name="test_02" time="0.482"/>
</testsuite> <!-- com.test.Apitesting -->
