<?xml version="1.0" encoding="UTF-8"?>
<!-- Generated by org.testng.reporters.JUnitReportReporter -->
<testsuite hostname="DESKTOP-MAG1I7D" failures="0" tests="2" name="com.test.ECommercesite" time="23.288" errors="0" timestamp="2024-10-27T23:30:05 PDT" skipped="0">
  <testcase classname="com.test.ECommercesite" name="checkoutFlowTest" time="5.985"/>
  <testcase classname="com.test.ECommercesite" name="checkoutFlowTest" time="17.303"/>
</testsuite> <!-- com.test.ECommercesite -->
